mode: set
ash/scripts/eid-injector/main.go:44.60,45.14 1 0
ash/scripts/eid-injector/main.go:45.14,47.3 1 0
ash/scripts/eid-injector/main.go:48.2,50.70 3 0
ash/scripts/eid-injector/main.go:53.13,55.22 2 0
ash/scripts/eid-injector/main.go:55.22,59.3 3 0
ash/scripts/eid-injector/main.go:60.2,63.16 3 0
ash/scripts/eid-injector/main.go:63.16,66.3 2 0
ash/scripts/eid-injector/main.go:67.2,67.21 1 0
ash/scripts/eid-injector/main.go:67.21,69.3 1 0
ash/scripts/eid-injector/main.go:71.2,72.29 2 0
ash/scripts/eid-injector/main.go:72.29,74.17 2 0
ash/scripts/eid-injector/main.go:74.17,75.36 1 0
ash/scripts/eid-injector/main.go:75.36,76.13 1 0
ash/scripts/eid-injector/main.go:78.4,79.12 2 0
ash/scripts/eid-injector/main.go:81.3,81.18 1 0
ash/scripts/eid-injector/main.go:81.18,83.4 1 0
ash/scripts/eid-injector/main.go:86.2,86.14 1 0
ash/scripts/eid-injector/main.go:86.14,88.3 1 0
ash/scripts/eid-injector/main.go:90.2,91.29 2 0
ash/scripts/eid-injector/main.go:91.29,93.17 2 0
ash/scripts/eid-injector/main.go:93.17,95.12 2 0
ash/scripts/eid-injector/main.go:97.3,97.14 1 0
ash/scripts/eid-injector/main.go:97.14,99.4 1 0
ash/scripts/eid-injector/main.go:102.2,102.14 1 0
ash/scripts/eid-injector/main.go:102.14,104.3 1 0
ash/scripts/eid-injector/main.go:107.66,109.16 2 1
ash/scripts/eid-injector/main.go:109.16,111.3 1 0
ash/scripts/eid-injector/main.go:112.2,113.16 2 1
ash/scripts/eid-injector/main.go:113.16,115.3 1 0
ash/scripts/eid-injector/main.go:118.2,118.13 1 1
ash/scripts/eid-injector/main.go:118.13,120.82 2 1
ash/scripts/eid-injector/main.go:120.82,121.18 1 1
ash/scripts/eid-injector/main.go:121.18,123.5 1 0
ash/scripts/eid-injector/main.go:124.4,124.17 1 1
ash/scripts/eid-injector/main.go:124.17,126.108 2 1
ash/scripts/eid-injector/main.go:126.108,128.6 1 0
ash/scripts/eid-injector/main.go:129.5,129.15 1 1
ash/scripts/eid-injector/main.go:131.4,132.37 2 1
ash/scripts/eid-injector/main.go:132.37,134.5 1 1
ash/scripts/eid-injector/main.go:135.4,135.78 1 1
ash/scripts/eid-injector/main.go:135.78,137.5 1 1
ash/scripts/eid-injector/main.go:138.4,138.38 1 1
ash/scripts/eid-injector/main.go:138.38,140.19 2 1
ash/scripts/eid-injector/main.go:140.19,142.6 1 0
ash/scripts/eid-injector/main.go:143.5,143.36 1 1
ash/scripts/eid-injector/main.go:145.4,145.14 1 1
ash/scripts/eid-injector/main.go:147.3,147.17 1 1
ash/scripts/eid-injector/main.go:147.17,149.4 1 0
ash/scripts/eid-injector/main.go:150.3,150.20 1 1
ash/scripts/eid-injector/main.go:153.2,154.28 2 1
ash/scripts/eid-injector/main.go:154.28,155.37 1 1
ash/scripts/eid-injector/main.go:155.37,157.18 2 1
ash/scripts/eid-injector/main.go:157.18,159.5 1 1
ash/scripts/eid-injector/main.go:160.4,160.35 1 0
ash/scripts/eid-injector/main.go:163.2,163.19 1 0
ash/scripts/eid-injector/main.go:166.64,167.16 1 1
ash/scripts/eid-injector/main.go:167.16,169.3 1 0
ash/scripts/eid-injector/main.go:171.2,172.16 2 1
ash/scripts/eid-injector/main.go:172.16,174.3 1 0
ash/scripts/eid-injector/main.go:176.2,177.16 2 1
ash/scripts/eid-injector/main.go:177.16,179.3 1 0
ash/scripts/eid-injector/main.go:181.2,182.16 2 1
ash/scripts/eid-injector/main.go:182.16,184.3 1 0
ash/scripts/eid-injector/main.go:185.2,185.74 1 1
ash/scripts/eid-injector/main.go:185.74,187.3 1 1
ash/scripts/eid-injector/main.go:189.2,190.16 2 1
ash/scripts/eid-injector/main.go:190.16,192.3 1 0
ash/scripts/eid-injector/main.go:193.2,193.18 1 1
ash/scripts/eid-injector/main.go:193.18,195.3 1 0
ash/scripts/eid-injector/main.go:197.2,197.26 1 1
ash/scripts/eid-injector/main.go:200.56,201.35 1 1
ash/scripts/eid-injector/main.go:201.35,203.3 1 0
ash/scripts/eid-injector/main.go:205.2,206.16 2 1
ash/scripts/eid-injector/main.go:206.16,208.3 1 0
ash/scripts/eid-injector/main.go:210.2,211.16 2 1
ash/scripts/eid-injector/main.go:211.16,213.3 1 0
ash/scripts/eid-injector/main.go:215.2,216.16 2 1
ash/scripts/eid-injector/main.go:216.16,218.3 1 0
ash/scripts/eid-injector/main.go:219.2,219.18 1 1
ash/scripts/eid-injector/main.go:219.18,221.3 1 0
ash/scripts/eid-injector/main.go:223.2,223.26 1 1
ash/scripts/eid-injector/main.go:226.66,228.16 2 1
ash/scripts/eid-injector/main.go:228.16,230.3 1 0
ash/scripts/eid-injector/main.go:233.2,234.16 2 1
ash/scripts/eid-injector/main.go:234.16,236.3 1 0
ash/scripts/eid-injector/main.go:237.2,240.13 3 1
ash/scripts/eid-injector/main.go:240.13,242.14 2 1
ash/scripts/eid-injector/main.go:242.14,245.4 2 1
ash/scripts/eid-injector/main.go:248.2,250.16 3 1
ash/scripts/eid-injector/main.go:250.16,252.3 1 0
ash/scripts/eid-injector/main.go:254.2,255.32 2 1
ash/scripts/eid-injector/main.go:255.32,256.22 1 1
ash/scripts/eid-injector/main.go:256.22,257.12 1 0
ash/scripts/eid-injector/main.go:259.3,260.22 2 1
ash/scripts/eid-injector/main.go:260.22,262.9 2 1
ash/scripts/eid-injector/main.go:266.2,269.13 2 1
ash/scripts/eid-injector/main.go:269.13,270.40 1 1
ash/scripts/eid-injector/main.go:270.40,272.11 2 1
ash/scripts/eid-injector/main.go:272.11,274.5 1 1
ash/scripts/eid-injector/main.go:275.4,276.11 2 1
ash/scripts/eid-injector/main.go:276.11,278.5 1 1
ash/scripts/eid-injector/main.go:279.4,280.47 2 1
ash/scripts/eid-injector/main.go:280.47,282.5 1 0
ash/scripts/eid-injector/main.go:283.4,283.46 1 1
ash/scripts/eid-injector/main.go:283.46,285.5 1 0
ash/scripts/eid-injector/main.go:286.4,286.27 1 1
ash/scripts/eid-injector/main.go:286.27,288.5 1 0
ash/scripts/eid-injector/main.go:289.4,290.15 2 1
ash/scripts/eid-injector/main.go:290.15,292.5 1 1
ash/scripts/eid-injector/main.go:293.4,293.18 1 1
ash/scripts/eid-injector/main.go:293.18,295.5 1 1
ash/scripts/eid-injector/main.go:296.4,296.15 1 1
ash/scripts/eid-injector/main.go:300.2,300.39 1 1
ash/scripts/eid-injector/main.go:300.39,302.10 2 1
ash/scripts/eid-injector/main.go:302.10,304.4 1 1
ash/scripts/eid-injector/main.go:305.3,305.26 1 1
ash/scripts/eid-injector/main.go:305.26,307.4 1 1
ash/scripts/eid-injector/main.go:308.3,309.14 2 1
ash/scripts/eid-injector/main.go:309.14,311.4 1 1
ash/scripts/eid-injector/main.go:312.3,312.17 1 1
ash/scripts/eid-injector/main.go:312.17,314.4 1 0
ash/scripts/eid-injector/main.go:315.3,315.14 1 1
ash/scripts/eid-injector/main.go:318.2,318.39 1 1
ash/scripts/eid-injector/main.go:318.39,320.10 2 1
ash/scripts/eid-injector/main.go:320.10,322.4 1 1
ash/scripts/eid-injector/main.go:324.3,325.14 2 1
ash/scripts/eid-injector/main.go:325.14,327.4 1 1
ash/scripts/eid-injector/main.go:328.3,328.20 1 1
ash/scripts/eid-injector/main.go:328.20,330.4 1 1
ash/scripts/eid-injector/main.go:331.3,331.14 1 1
ash/scripts/eid-injector/main.go:334.2,334.13 1 1
ash/scripts/eid-injector/main.go:334.13,335.40 1 1
ash/scripts/eid-injector/main.go:335.40,337.34 2 1
ash/scripts/eid-injector/main.go:337.34,339.5 1 1
ash/scripts/eid-injector/main.go:340.4,341.50 2 1
ash/scripts/eid-injector/main.go:341.50,343.5 1 0
ash/scripts/eid-injector/main.go:344.4,345.39 2 1
ash/scripts/eid-injector/main.go:345.39,347.5 1 0
ash/scripts/eid-injector/main.go:348.4,349.38 2 1
ash/scripts/eid-injector/main.go:349.38,352.5 2 0
ash/scripts/eid-injector/main.go:353.4,354.15 2 1
ash/scripts/eid-injector/main.go:358.2,358.31 1 1
ash/scripts/eid-injector/main.go:358.31,360.3 1 1
ash/scripts/eid-injector/main.go:361.2,361.18 1 1
ash/scripts/eid-injector/main.go:364.68,365.25 1 1
ash/scripts/eid-injector/main.go:365.25,367.3 1 0
ash/scripts/eid-injector/main.go:369.2,369.44 1 1
ash/scripts/eid-injector/main.go:369.44,370.21 1 1
ash/scripts/eid-injector/main.go:371.20,372.39 1 1
ash/scripts/eid-injector/main.go:373.23,374.42 1 1
ash/scripts/eid-injector/main.go:378.2,379.9 2 1
ash/scripts/eid-injector/main.go:379.9,381.3 1 1
ash/scripts/eid-injector/main.go:382.2,383.32 2 1
ash/scripts/eid-injector/main.go:383.32,385.3 1 1
ash/scripts/eid-injector/main.go:387.2,387.22 1 1
ash/scripts/eid-injector/main.go:388.17,389.39 1 1
ash/scripts/eid-injector/main.go:390.28,391.42 1 1
ash/scripts/eid-injector/main.go:392.10,393.20 1 0
ash/scripts/eid-injector/main.go:397.71,399.2 1 1
ash/scripts/eid-injector/main.go:401.74,403.2 1 1
ash/scripts/eid-injector/main.go:405.86,406.29 1 1
ash/scripts/eid-injector/main.go:406.29,408.3 1 0
ash/scripts/eid-injector/main.go:409.2,410.37 2 1
ash/scripts/eid-injector/main.go:410.37,412.3 1 0
ash/scripts/eid-injector/main.go:413.2,414.44 2 1
ash/scripts/eid-injector/main.go:414.44,416.3 1 0
ash/scripts/eid-injector/main.go:417.2,419.18 3 1
ash/scripts/eid-injector/main.go:422.72,424.2 1 1
ash/scripts/eid-injector/main.go:426.75,428.2 1 1
ash/scripts/eid-injector/main.go:430.89,431.29 1 1
ash/scripts/eid-injector/main.go:431.29,433.3 1 0
ash/scripts/eid-injector/main.go:434.2,435.37 2 1
ash/scripts/eid-injector/main.go:435.37,437.3 1 0
ash/scripts/eid-injector/main.go:438.2,439.44 2 1
ash/scripts/eid-injector/main.go:439.44,441.3 1 0
ash/scripts/eid-injector/main.go:442.2,444.18 3 1
ash/scripts/eid-injector/main.go:447.66,448.52 1 1
ash/scripts/eid-injector/main.go:448.52,450.3 1 1
ash/scripts/eid-injector/main.go:452.2,460.40 4 0
ash/scripts/eid-injector/main.go:460.40,462.38 2 0
ash/scripts/eid-injector/main.go:462.38,463.12 1 0
ash/scripts/eid-injector/main.go:465.3,466.54 2 0
ash/scripts/eid-injector/main.go:466.54,467.12 1 0
ash/scripts/eid-injector/main.go:469.3,469.95 1 0
ash/scripts/eid-injector/main.go:472.2,472.38 1 0
ash/scripts/eid-injector/main.go:472.38,474.10 2 0
ash/scripts/eid-injector/main.go:474.10,475.12 1 0
ash/scripts/eid-injector/main.go:477.3,478.10 2 0
ash/scripts/eid-injector/main.go:478.10,479.12 1 0
ash/scripts/eid-injector/main.go:481.3,482.80 2 0
ash/scripts/eid-injector/main.go:482.80,483.12 1 0
ash/scripts/eid-injector/main.go:485.3,486.41 2 0
ash/scripts/eid-injector/main.go:486.41,487.12 1 0
ash/scripts/eid-injector/main.go:489.3,490.54 2 0
ash/scripts/eid-injector/main.go:490.54,491.12 1 0
ash/scripts/eid-injector/main.go:493.3,493.91 1 0
ash/scripts/eid-injector/main.go:496.2,496.91 1 0
ash/scripts/eid-injector/main.go:496.91,497.22 1 0
ash/scripts/eid-injector/main.go:497.22,499.4 1 0
ash/scripts/eid-injector/main.go:500.3,500.30 1 0
ash/scripts/eid-injector/main.go:503.2,504.26 2 0
ash/scripts/eid-injector/main.go:504.26,506.3 1 0
ash/scripts/eid-injector/main.go:508.2,508.45 1 0
ash/scripts/eid-injector/main.go:508.45,510.19 2 0
ash/scripts/eid-injector/main.go:511.15,512.73 1 0
ash/scripts/eid-injector/main.go:513.15,514.73 1 0
ash/scripts/eid-injector/main.go:518.2,519.21 2 0
ash/scripts/eid-injector/main.go:519.21,522.3 2 0
ash/scripts/eid-injector/main.go:522.8,522.80 1 0
ash/scripts/eid-injector/main.go:522.80,524.37 2 0
ash/scripts/eid-injector/main.go:524.37,526.4 1 0
ash/scripts/eid-injector/main.go:527.3,527.15 1 0
ash/scripts/eid-injector/main.go:530.2,533.24 4 0
ash/scripts/eid-injector/main.go:536.85,537.38 1 1
ash/scripts/eid-injector/main.go:537.38,539.3 1 1
ash/scripts/eid-injector/main.go:541.2,542.9 2 1
ash/scripts/eid-injector/main.go:542.9,544.3 1 0
ash/scripts/eid-injector/main.go:546.2,546.50 1 1
ash/scripts/eid-injector/main.go:546.50,548.3 1 1
ash/scripts/eid-injector/main.go:550.2,551.43 2 1
ash/scripts/eid-injector/main.go:551.43,553.3 1 0
ash/scripts/eid-injector/main.go:555.2,555.43 1 1
ash/scripts/eid-injector/main.go:555.43,557.23 2 1
ash/scripts/eid-injector/main.go:557.23,559.4 1 1
ash/scripts/eid-injector/main.go:562.2,564.21 3 1
ash/scripts/eid-injector/main.go:567.61,568.35 1 1
ash/scripts/eid-injector/main.go:568.35,570.3 1 0
ash/scripts/eid-injector/main.go:572.2,572.30 1 1
ash/scripts/eid-injector/main.go:573.18,574.45 1 1
ash/scripts/eid-injector/main.go:575.25,576.65 1 0
ash/scripts/eid-injector/main.go:577.10,578.15 1 1
ash/scripts/eid-injector/main.go:582.89,584.31 2 1
ash/scripts/eid-injector/main.go:584.31,586.10 2 1
ash/scripts/eid-injector/main.go:586.10,588.4 1 0
ash/scripts/eid-injector/main.go:589.3,590.10 2 1
ash/scripts/eid-injector/main.go:590.10,592.4 1 0
ash/scripts/eid-injector/main.go:593.3,593.30 1 1
ash/scripts/eid-injector/main.go:595.2,595.21 1 1
ash/scripts/eid-injector/main.go:598.51,600.9 2 1
ash/scripts/eid-injector/main.go:600.9,602.3 1 0
ash/scripts/eid-injector/main.go:603.2,603.17 1 1
ash/scripts/eid-injector/main.go:604.14,605.20 1 1
ash/scripts/eid-injector/main.go:606.15,607.21 1 1
ash/scripts/eid-injector/main.go:608.10,609.22 1 0
ash/scripts/eid-injector/main.go:613.39,616.2 2 1
ash/scripts/eid-injector/main.go:618.76,619.19 1 0
ash/scripts/eid-injector/main.go:619.19,621.3 1 0
ash/scripts/eid-injector/main.go:622.2,623.42 2 0
ash/scripts/eid-injector/main.go:623.42,625.3 1 0
ash/scripts/eid-injector/main.go:626.2,627.53 2 0
ash/scripts/eid-injector/main.go:627.53,629.3 1 0
ash/scripts/eid-injector/main.go:630.2,631.28 2 0
ash/scripts/eid-injector/main.go:631.28,634.3 2 0
ash/scripts/eid-injector/main.go:635.2,635.84 1 0
ash/scripts/eid-injector/main.go:635.84,637.41 2 0
ash/scripts/eid-injector/main.go:637.41,640.4 2 0
ash/scripts/eid-injector/main.go:641.3,641.29 1 0
ash/scripts/eid-injector/main.go:643.2,643.27 1 0
ash/scripts/eid-injector/main.go:646.74,654.22 6 1
ash/scripts/eid-injector/main.go:654.22,655.93 1 1
ash/scripts/eid-injector/main.go:655.93,656.92 1 1
ash/scripts/eid-injector/main.go:656.92,660.5 3 1
ash/scripts/eid-injector/main.go:664.2,664.41 1 1
ash/scripts/eid-injector/main.go:664.41,665.93 1 0
ash/scripts/eid-injector/main.go:665.93,666.92 1 0
ash/scripts/eid-injector/main.go:666.92,669.5 2 0
ash/scripts/eid-injector/main.go:675.2,675.86 1 1
ash/scripts/eid-injector/main.go:675.86,677.3 1 1
ash/scripts/eid-injector/main.go:679.2,680.21 2 1
ash/scripts/eid-injector/main.go:680.21,683.3 2 1
ash/scripts/eid-injector/main.go:683.8,683.80 1 1
ash/scripts/eid-injector/main.go:683.80,685.37 2 1
ash/scripts/eid-injector/main.go:685.37,687.4 1 0
ash/scripts/eid-injector/main.go:688.3,688.15 1 1
ash/scripts/eid-injector/main.go:691.2,693.16 2 1
ash/scripts/eid-injector/main.go:693.16,694.23 1 1
ash/scripts/eid-injector/main.go:694.23,698.4 3 0
ash/scripts/eid-injector/main.go:700.3,701.22 2 1
ash/scripts/eid-injector/main.go:701.22,703.4 1 0
ash/scripts/eid-injector/main.go:705.3,712.22 4 1
ash/scripts/eid-injector/main.go:715.2,716.21 2 1
ash/scripts/eid-injector/main.go:716.21,725.3 1 0
ash/scripts/eid-injector/main.go:727.2,734.21 4 1
ash/scripts/eid-injector/main.go:738.60,739.26 1 1
ash/scripts/eid-injector/main.go:740.21,741.29 1 1
ash/scripts/eid-injector/main.go:741.29,743.4 1 0
ash/scripts/eid-injector/main.go:744.3,745.57 2 1
ash/scripts/eid-injector/main.go:746.25,747.30 1 1
ash/scripts/eid-injector/main.go:747.30,748.46 1 1
ash/scripts/eid-injector/main.go:748.46,750.5 1 1
ash/scripts/eid-injector/main.go:752.3,752.15 1 0
ash/scripts/eid-injector/main.go:753.21,754.30 1 1
ash/scripts/eid-injector/main.go:754.30,755.46 1 1
ash/scripts/eid-injector/main.go:755.46,757.5 1 1
ash/scripts/eid-injector/main.go:759.3,759.15 1 0
ash/scripts/eid-injector/main.go:760.25,761.96 1 0
ash/scripts/eid-injector/main.go:762.22,763.48 1 0
ash/scripts/eid-injector/main.go:764.22,765.48 1 0
ash/scripts/eid-injector/main.go:766.10,767.15 1 1
ash/scripts/eid-injector/main.go:771.43,778.29 3 1
ash/scripts/eid-injector/main.go:778.29,779.33 1 1
ash/scripts/eid-injector/main.go:779.33,781.38 2 1
ash/scripts/eid-injector/main.go:781.38,782.13 1 0
ash/scripts/eid-injector/main.go:784.4,788.28 2 1
ash/scripts/eid-injector/main.go:792.2,792.38 1 1
ash/scripts/eid-injector/main.go:792.38,793.24 1 1
ash/scripts/eid-injector/main.go:793.24,794.12 1 0
ash/scripts/eid-injector/main.go:796.3,796.37 1 1
ash/scripts/eid-injector/main.go:796.37,798.8 2 1
ash/scripts/eid-injector/main.go:798.8,799.41 1 1
ash/scripts/eid-injector/main.go:799.41,800.11 1 1
ash/scripts/eid-injector/main.go:802.5,802.31 1 0
ash/scripts/eid-injector/main.go:804.4,806.34 3 1
ash/scripts/eid-injector/main.go:811.46,812.19 1 1
ash/scripts/eid-injector/main.go:812.19,814.3 1 0
ash/scripts/eid-injector/main.go:815.2,816.64 2 1
ash/scripts/eid-injector/main.go:816.64,818.3 1 0
ash/scripts/eid-injector/main.go:819.2,820.35 2 1
ash/scripts/eid-injector/main.go:820.35,822.3 1 0
ash/scripts/eid-injector/main.go:823.2,825.17 3 1
ash/scripts/eid-injector/main.go:825.17,827.3 1 1
ash/scripts/eid-injector/main.go:828.2,828.69 1 1
ash/scripts/eid-injector/main.go:828.69,830.3 1 0
ash/scripts/eid-injector/main.go:831.2,831.18 1 1
ash/scripts/eid-injector/main.go:834.66,839.6 5 1
ash/scripts/eid-injector/main.go:839.6,841.14 2 1
ash/scripts/eid-injector/main.go:841.14,842.9 1 1
ash/scripts/eid-injector/main.go:844.3,846.22 3 1
ash/scripts/eid-injector/main.go:846.22,847.61 1 1
ash/scripts/eid-injector/main.go:847.61,848.10 1 1
ash/scripts/eid-injector/main.go:850.4,850.9 1 1
ash/scripts/eid-injector/main.go:852.3,852.22 1 1
ash/scripts/eid-injector/main.go:852.22,853.9 1 0
ash/scripts/eid-injector/main.go:855.3,856.34 2 1
ash/scripts/eid-injector/main.go:856.34,861.4 4 1
ash/scripts/eid-injector/main.go:862.3,862.18 1 1
ash/scripts/eid-injector/main.go:864.2,864.21 1 1
ash/scripts/eid-injector/main.go:867.59,868.44 1 1
ash/scripts/eid-injector/main.go:868.44,870.3 1 0
ash/scripts/eid-injector/main.go:871.2,872.16 2 1
ash/scripts/eid-injector/main.go:872.16,874.3 1 0
ash/scripts/eid-injector/main.go:875.2,875.20 1 1
ash/scripts/eid-injector/main.go:878.41,879.49 1 1
ash/scripts/eid-injector/main.go:879.49,881.3 1 1
ash/scripts/eid-injector/main.go:882.2,882.34 1 1
ash/scripts/eid-injector/main.go:882.34,884.87 2 1
ash/scripts/eid-injector/main.go:884.87,885.12 1 1
ash/scripts/eid-injector/main.go:887.3,887.15 1 0
ash/scripts/eid-injector/main.go:889.2,889.13 1 1
ash/scripts/eid-injector/main.go:892.76,895.16 3 1
ash/scripts/eid-injector/main.go:895.16,897.3 1 0
ash/scripts/eid-injector/main.go:898.2,899.15 2 1
ash/scripts/eid-injector/main.go:899.15,899.37 1 1
ash/scripts/eid-injector/main.go:900.2,900.41 1 1
ash/scripts/eid-injector/main.go:900.41,903.3 2 0
ash/scripts/eid-injector/main.go:904.2,904.34 1 1
ash/scripts/eid-injector/main.go:904.34,906.3 1 0
ash/scripts/eid-injector/main.go:908.2,908.44 1 1
ash/scripts/eid-injector/main.go:908.44,910.3 1 0
ash/scripts/eid-injector/main.go:912.2,912.33 1 1
ash/scripts/eid-injector/main.go:917.37,919.25 2 1
ash/scripts/eid-injector/main.go:919.25,922.3 2 1
ash/scripts/eid-injector/main.go:923.2,923.18 1 1
ash/scripts/eid-injector/main.go:926.33,927.14 1 1
ash/scripts/eid-injector/main.go:927.14,929.3 1 0
ash/scripts/eid-injector/main.go:930.2,932.16 3 1
ash/scripts/eid-injector/main.go:932.16,934.3 1 0
ash/scripts/eid-injector/main.go:935.2,935.23 1 1
ash/ash.go:50.13,52.2 1 1
ash/ash.go:55.55,56.19 1 1
ash/ash.go:56.19,59.3 2 1
ash/ash.go:61.2,63.26 2 1
ash/ash.go:63.26,65.3 1 1
ash/ash.go:67.2,67.45 1 1
ash/ash.go:67.45,70.3 2 0
ash/ash.go:72.2,75.88 3 1
ash/ash.go:75.88,77.3 1 1
ash/ash.go:79.2,80.16 2 1
ash/ash.go:80.16,83.3 2 1
ash/ash.go:85.2,86.21 2 1
ash/ash.go:86.21,89.3 2 1
ash/ash.go:91.2,92.16 2 1
ash/ash.go:92.16,95.3 2 1
ash/ash.go:96.2,99.16 3 1
ash/ash.go:99.16,102.3 2 1
ash/ash.go:104.2,105.16 2 1
ash/ash.go:105.16,108.3 2 1
ash/ash.go:110.2,111.16 2 1
ash/ash.go:111.16,114.3 2 0
ash/ash.go:115.2,134.16 16 1
ash/ash.go:134.16,136.39 2 1
ash/ash.go:136.39,139.4 2 0
ash/ash.go:140.3,140.47 1 1
ash/ash.go:140.47,143.4 2 0
ash/ash.go:144.3,145.33 2 1
ash/ash.go:145.33,146.32 1 1
ash/ash.go:147.39,149.13 2 1
ash/ash.go:150.40,152.13 2 1
ash/ash.go:155.3,156.11 2 1
ash/ash.go:159.2,166.58 6 1
ash/ash.go:166.58,168.3 1 1
ash/ash.go:170.2,170.10 1 1
ash/ash.go:174.30,177.2 2 1
ash/chat.go:42.41,44.2 1 1
ash/chat.go:115.41,116.36 1 0
ash/chat.go:116.36,118.3 1 0
ash/chat.go:119.2,120.34 2 0
ash/chat.go:124.43,125.38 1 0
ash/chat.go:125.38,127.3 1 0
ash/chat.go:128.2,129.36 2 0
ash/chat.go:133.114,144.16 4 1
ash/chat.go:144.16,146.3 1 0
ash/chat.go:147.2,153.51 6 1
ash/chat.go:153.51,155.17 2 1
ash/chat.go:155.17,157.4 1 0
ash/chat.go:158.3,159.32 2 1
ash/chat.go:159.32,161.4 1 1
ash/chat.go:163.3,165.17 3 1
ash/chat.go:165.17,166.51 1 1
ash/chat.go:166.51,168.5 1 1
ash/chat.go:169.4,170.92 2 1
ash/chat.go:170.92,172.5 1 0
ash/chat.go:173.4,173.12 1 1
ash/chat.go:175.3,178.17 3 1
ash/chat.go:178.17,180.4 1 0
ash/chat.go:181.3,183.53 2 1
ash/chat.go:183.53,185.66 2 1
ash/chat.go:185.66,187.5 1 1
ash/chat.go:188.4,189.92 2 1
ash/chat.go:189.92,191.5 1 0
ash/chat.go:192.4,192.12 1 1
ash/chat.go:195.3,196.55 2 1
ash/chat.go:196.55,198.4 1 1
ash/chat.go:200.3,200.25 1 1
ash/chat.go:200.25,201.72 1 1
ash/chat.go:201.72,203.5 1 1
ash/chat.go:204.4,205.92 2 0
ash/chat.go:205.92,207.5 1 0
ash/chat.go:208.4,208.12 1 0
ash/chat.go:211.3,211.21 1 1
ash/chat.go:214.2,214.70 1 0
ash/chat.go:217.67,218.28 1 1
ash/chat.go:218.28,220.3 1 1
ash/chat.go:221.2,221.16 1 1
ash/chat.go:221.16,223.3 1 0
ash/chat.go:224.2,225.267 2 1
ash/chat.go:228.71,229.28 1 1
ash/chat.go:229.28,231.3 1 1
ash/chat.go:232.2,232.20 1 1
ash/chat.go:233.195,234.14 1 1
ash/chat.go:235.10,236.15 1 1
ash/chat.go:240.71,241.31 1 1
ash/chat.go:241.31,243.3 1 1
ash/chat.go:244.2,246.40 3 1
ash/chat.go:246.40,247.30 1 1
ash/chat.go:247.30,249.4 1 1
ash/chat.go:250.3,250.28 1 1
ash/chat.go:250.28,251.15 1 0
ash/chat.go:251.15,253.5 1 0
ash/chat.go:254.4,254.22 1 0
ash/chat.go:256.3,256.13 1 1
ash/chat.go:258.2,258.28 1 1
ash/chat.go:258.28,260.3 1 0
ash/chat.go:261.2,261.14 1 1
ash/chat.go:264.71,265.16 1 1
ash/chat.go:265.16,267.3 1 1
ash/chat.go:268.2,268.9 1 1
ash/chat.go:269.20,270.19 1 0
ash/chat.go:271.27,272.13 1 1
ash/config.go:34.47,35.64 1 1
ash/config.go:35.64,37.3 1 1
ash/config.go:39.2,40.23 2 1
ash/config.go:40.23,42.3 1 1
ash/config.go:44.2,45.17 2 1
ash/config.go:45.17,47.3 1 1
ash/config.go:49.2,50.16 2 1
ash/config.go:50.16,52.3 1 0
ash/config.go:54.2,56.39 3 1
ash/config.go:56.39,58.3 1 1
ash/config.go:59.2,59.44 1 1
ash/config.go:59.44,61.3 1 1
ash/config.go:62.2,62.45 1 1
ash/config.go:62.45,64.3 1 0
ash/config.go:66.2,66.25 1 1
ash/config.go:66.25,67.24 1 1
ash/config.go:67.24,69.4 1 1
ash/config.go:70.3,70.46 1 1
ash/config.go:70.46,72.4 1 1
ash/config.go:75.2,80.26 2 1
ash/config.go:80.26,82.3 1 1
ash/config.go:84.2,84.17 1 1
ash/config.go:88.92,90.16 2 1
ash/config.go:90.16,92.3 1 0
ash/config.go:94.2,95.43 2 1
ash/config.go:95.43,97.3 1 0
ash/config.go:98.2,99.16 2 1
ash/config.go:99.16,101.3 1 0
ash/config.go:102.2,102.80 1 1
ash/config.go:102.80,104.3 1 0
ash/config.go:106.2,108.35 3 1
ash/config.go:112.38,114.22 2 1
ash/config.go:114.22,116.3 1 1
ash/config.go:117.2,118.15 2 1
ash/config.go:118.15,120.3 1 1
ash/config.go:121.2,121.25 1 1
ash/config.go:125.41,126.48 1 1
ash/config.go:126.48,128.60 2 1
ash/config.go:128.60,130.4 1 1
ash/config.go:130.9,130.45 1 1
ash/config.go:130.45,132.4 1 1
ash/config.go:135.2,136.16 2 1
ash/config.go:136.16,138.3 1 1
ash/config.go:140.2,141.53 2 1
ash/config.go:141.53,143.3 1 1
ash/config.go:143.8,143.44 1 1
ash/config.go:143.44,145.3 1 1
ash/config.go:147.2,148.16 2 1
ash/config.go:148.16,150.3 1 1
ash/config.go:152.2,153.54 2 1
ash/config.go:153.54,155.3 1 1
ash/config.go:155.8,155.44 1 1
ash/config.go:155.44,157.3 1 0
ash/config.go:159.2,159.16 1 1
ash/config.go:163.61,164.74 1 1
ash/config.go:164.74,166.3 1 1
ash/config.go:168.2,168.48 1 1
ash/config.go:168.48,170.60 2 1
ash/config.go:170.60,172.4 1 1
ash/config.go:172.9,172.45 1 1
ash/config.go:172.45,174.4 1 0
ash/config.go:177.2,178.16 2 1
ash/config.go:178.16,180.3 1 0
ash/config.go:182.2,183.53 2 1
ash/config.go:183.53,185.3 1 1
ash/config.go:185.8,185.44 1 1
ash/config.go:185.44,187.3 1 0
ash/config.go:189.2,190.16 2 1
ash/config.go:190.16,192.3 1 0
ash/config.go:194.2,195.54 2 1
ash/config.go:195.54,197.3 1 0
ash/config.go:197.8,197.44 1 1
ash/config.go:197.44,199.3 1 0
ash/config.go:201.2,201.35 1 1
ash/config.go:205.56,207.47 2 1
ash/config.go:207.47,209.17 2 1
ash/config.go:209.17,210.12 1 0
ash/config.go:212.3,212.25 1 1
ash/config.go:214.2,214.12 1 1
ash/config.go:218.57,220.48 2 1
ash/config.go:220.48,222.55 2 1
ash/config.go:222.55,223.12 1 1
ash/config.go:225.3,225.53 1 1
ash/config.go:225.53,227.18 2 1
ash/config.go:227.18,228.13 1 0
ash/config.go:230.4,230.26 1 1
ash/config.go:233.2,233.12 1 1
ash/config.go:237.45,239.53 2 1
ash/config.go:239.53,241.3 1 0
ash/config.go:242.2,242.16 1 1
ash/config.go:246.47,248.49 2 1
ash/config.go:248.49,249.66 1 1
ash/config.go:249.66,251.4 1 1
ash/config.go:254.2,254.51 1 1
ash/config.go:254.51,255.41 1 1
ash/config.go:255.41,257.4 1 1
ash/config.go:258.3,258.24 1 1
ash/config.go:263.25,264.71 1 1
ash/config.go:264.71,265.65 1 1
ash/config.go:265.65,267.4 1 1
ash/config.go:270.2,270.26 1 1
ash/config.go:274.32,275.66 1 1
ash/config.go:275.66,276.71 1 1
ash/config.go:276.71,278.4 1 1
ash/config.go:281.2,281.25 1 1
ash/config.go:285.29,286.78 1 1
ash/config.go:286.78,287.65 1 1
ash/config.go:287.65,289.4 1 1
ash/config.go:291.2,291.32 1 1
ash/config.go:295.37,296.76 1 1
ash/config.go:296.76,297.72 1 1
ash/config.go:297.72,299.4 1 1
ash/config.go:301.2,301.30 1 1
ash/config.go:305.36,306.75 1 1
ash/config.go:306.75,307.72 1 1
ash/config.go:307.72,309.4 1 1
ash/config.go:311.2,311.29 1 1
ash/config.go:315.34,316.72 1 1
ash/config.go:316.72,317.71 1 0
ash/config.go:317.71,319.4 1 0
ash/config.go:321.2,321.27 1 1
ash/config.go:325.28,326.75 1 1
ash/config.go:326.75,327.65 1 0
ash/config.go:327.65,329.4 1 0
ash/config.go:331.2,331.29 1 1
ash/config.go:335.30,336.74 1 1
ash/config.go:336.74,337.66 1 1
ash/config.go:337.66,339.4 1 1
ash/config.go:341.2,341.28 1 0
ash/config.go:345.64,346.26 1 1
ash/config.go:346.26,348.3 1 1
ash/config.go:350.2,350.64 1 1
ash/config.go:354.24,355.68 1 1
ash/config.go:355.68,356.65 1 0
ash/config.go:356.65,358.4 1 0
ash/config.go:360.2,360.23 1 1
ash/config.go:364.28,365.76 1 1
ash/config.go:365.76,366.65 1 0
ash/config.go:366.65,368.4 1 0
ash/config.go:370.2,370.28 1 1
ash/config.go:374.31,375.77 1 1
ash/config.go:375.77,376.65 1 0
ash/config.go:376.65,378.4 1 0
ash/config.go:380.2,380.27 1 1
ash/install.go:37.62,41.16 3 1
ash/install.go:41.16,45.3 3 0
ash/install.go:47.2,47.21 1 1
ash/install.go:47.21,49.22 2 0
ash/install.go:49.22,51.4 1 0
ash/install.go:54.2,55.16 2 1
ash/install.go:55.16,58.3 2 0
ash/install.go:60.2,61.17 2 1
ash/install.go:61.17,64.3 2 0
ash/install.go:65.2,65.77 1 1
ash/install.go:65.77,68.3 2 0
ash/install.go:69.2,69.77 1 1
ash/install.go:69.77,72.3 2 0
ash/install.go:74.2,75.16 2 1
ash/install.go:75.16,78.3 2 0
ash/install.go:80.2,81.21 2 1
ash/install.go:81.21,82.67 1 1
ash/install.go:82.67,83.53 1 1
ash/install.go:83.53,86.5 2 0
ash/install.go:87.4,87.75 1 1
ash/install.go:87.75,90.5 2 0
ash/install.go:91.4,93.12 3 1
ash/install.go:96.3,97.16 2 1
ash/install.go:97.16,100.4 2 0
ash/install.go:102.3,102.13 1 1
ash/install.go:102.13,105.39 3 0
ash/install.go:105.39,107.5 1 0
ash/install.go:108.4,108.12 1 0
ash/install.go:111.3,111.69 1 1
ash/install.go:111.69,114.4 2 0
ash/install.go:115.3,115.52 1 1
ash/install.go:115.52,118.4 2 0
ash/install.go:119.3,119.74 1 1
ash/install.go:119.74,122.4 2 0
ash/install.go:124.3,127.11 4 1
ash/install.go:130.2,131.12 2 1
ash/install.go:131.12,134.38 3 1
ash/install.go:134.38,136.4 1 1
ash/install.go:137.3,137.11 1 1
ash/install.go:140.2,140.68 1 1
ash/install.go:140.68,143.3 2 0
ash/install.go:144.2,144.51 1 1
ash/install.go:144.51,147.3 2 0
ash/install.go:148.2,148.73 1 1
ash/install.go:148.73,151.3 2 0
ash/install.go:153.2,156.10 4 1
ash/install.go:160.76,161.12 1 1
ash/install.go:161.12,163.3 1 0
ash/install.go:165.2,166.16 2 1
ash/install.go:166.16,168.3 1 0
ash/install.go:169.2,169.51 1 1
ash/install.go:169.51,171.3 1 1
ash/install.go:173.2,175.16 3 0
ash/install.go:175.16,177.3 1 0
ash/install.go:178.2,178.22 1 0
ash/install.go:178.22,180.3 1 0
ash/install.go:182.2,183.16 2 0
ash/install.go:183.16,185.3 1 0
ash/install.go:186.2,186.62 1 0
ash/install.go:186.62,188.3 1 0
ash/install.go:190.2,190.85 1 0
ash/install.go:190.85,192.3 1 0
ash/install.go:193.2,194.12 2 0
ash/install.go:198.48,199.35 1 1
ash/install.go:199.35,201.3 1 1
ash/install.go:203.2,204.16 2 1
ash/install.go:204.16,206.3 1 0
ash/install.go:208.2,208.41 1 1
ash/install.go:208.41,210.3 1 1
ash/install.go:210.8,210.43 1 1
ash/install.go:210.43,212.3 1 1
ash/install.go:212.8,214.3 1 0
ash/install.go:218.41,220.20 2 1
ash/install.go:220.20,222.3 1 1
ash/install.go:224.2,225.17 2 1
ash/install.go:225.17,227.3 1 0
ash/install.go:229.2,230.16 2 1
ash/install.go:230.16,232.3 1 0
ash/install.go:234.2,234.26 1 1
ash/install.go:234.26,236.3 1 1
ash/install.go:238.2,240.48 3 1
ash/install.go:244.36,245.19 1 0
ash/install.go:245.19,247.3 1 0
ash/install.go:248.2,249.16 2 0
ash/install.go:249.16,251.3 1 0
ash/install.go:252.2,253.16 2 0
ash/install.go:253.16,255.3 1 0
ash/install.go:256.2,256.96 1 0
ash/install.go:260.25,261.100 1 0
ash/install.go:261.100,262.46 1 0
ash/install.go:262.46,264.4 1 0
ash/install.go:266.2,266.14 1 0
ash/install.go:270.39,272.16 2 1
ash/install.go:272.16,274.3 1 0
ash/install.go:275.2,275.45 1 1
ash/install.go:279.104,282.16 3 0
ash/install.go:282.16,284.3 1 0
ash/install.go:285.2,286.16 2 0
ash/install.go:286.16,288.3 1 0
ash/install.go:290.2,291.16 2 0
ash/install.go:291.16,293.3 1 0
ash/install.go:294.2,298.11 4 0
ash/install.go:298.11,301.17 3 0
ash/install.go:301.17,303.4 1 0
ash/install.go:304.3,304.92 1 0
ash/install.go:305.8,307.23 2 0
ash/install.go:307.23,309.4 1 0
ash/install.go:310.3,310.26 1 0
ash/install.go:310.26,313.4 2 0
ash/install.go:316.2,320.20 2 0
ash/install.go:320.20,322.3 1 0
ash/install.go:323.2,323.21 1 0
ash/install.go:323.21,325.3 1 0
ash/install.go:326.2,326.20 1 0
ash/install.go:330.88,332.48 2 0
ash/install.go:332.48,334.3 1 0
ash/install.go:336.2,336.6 1 0
ash/install.go:336.6,339.17 3 0
ash/install.go:339.17,341.4 1 0
ash/install.go:342.3,343.18 2 0
ash/install.go:343.18,344.12 1 0
ash/install.go:346.3,346.58 1 0
ash/install.go:346.58,347.54 1 0
ash/install.go:347.54,349.5 1 0
ash/install.go:351.3,351.67 1 0
ash/install.go:351.67,353.4 1 0
ash/install.go:354.3,354.101 1 0
ash/install.go:359.89,360.6 1 0
ash/install.go:360.6,363.17 3 0
ash/install.go:363.17,365.4 1 0
ash/install.go:366.3,367.18 2 0
ash/install.go:367.18,369.4 1 0
ash/install.go:374.89,377.16 3 0
ash/install.go:377.16,379.3 1 0
ash/install.go:380.2,380.37 1 0
ash/install.go:384.58,386.26 2 0
ash/install.go:386.26,388.3 1 0
ash/install.go:389.2,393.27 4 0
ash/install.go:393.27,395.3 1 0
ash/install.go:396.2,396.19 1 0
ash/install.go:400.39,401.58 1 1
ash/install.go:401.58,403.3 1 0
ash/install.go:404.2,404.56 1 1
ash/install.go:404.56,406.3 1 0
ash/install.go:407.2,407.12 1 1
ash/install.go:411.46,413.16 2 1
ash/install.go:413.16,415.3 1 0
ash/install.go:416.2,416.48 1 1
ash/install.go:416.48,418.3 1 0
ash/install.go:420.2,421.16 2 1
ash/install.go:421.16,423.3 1 0
ash/install.go:425.2,425.63 1 1
ash/install.go:425.63,428.41 3 1
ash/install.go:428.41,429.12 1 0
ash/install.go:431.3,431.21 1 1
ash/install.go:431.21,433.4 1 0
ash/install.go:434.3,435.72 2 1
ash/install.go:435.72,437.4 1 0
ash/install.go:440.2,440.12 1 1
ash/install.go:444.44,446.16 2 1
ash/install.go:446.16,448.3 1 0
ash/install.go:449.2,449.48 1 1
ash/install.go:449.48,451.3 1 0
ash/install.go:453.2,453.46 1 1
ash/install.go:453.46,455.3 1 0
ash/install.go:457.2,457.86 1 1
ash/install.go:457.86,458.21 1 1
ash/install.go:458.21,460.4 1 0
ash/install.go:461.3,461.19 1 1
ash/install.go:461.19,463.4 1 1
ash/install.go:465.3,466.17 2 1
ash/install.go:466.17,468.4 1 0
ash/install.go:469.3,470.31 2 1
ash/install.go:470.31,472.4 1 0
ash/install.go:474.3,474.16 1 1
ash/install.go:474.16,477.4 1 1
ash/install.go:478.3,478.23 1 1
ash/install.go:478.23,481.4 1 1
ash/install.go:482.3,482.13 1 0
ash/install.go:487.81,488.33 1 1
ash/install.go:488.33,489.18 1 1
ash/install.go:490.20,491.17 1 1
ash/install.go:492.18,494.22 2 1
ash/install.go:494.22,496.5 1 1
ash/install.go:497.4,497.59 1 1
ash/install.go:498.11,499.73 1 1
ash/install.go:502.2,502.31 1 1
ash/install.go:506.47,508.14 2 1
ash/install.go:509.21,510.14 1 1
ash/install.go:511.10,512.12 1 0
ash/install.go:517.55,519.16 2 1
ash/install.go:519.16,521.3 1 0
ash/install.go:523.2,523.19 1 1
ash/install.go:524.14,525.45 1 1
ash/install.go:526.13,527.44 1 1
ash/install.go:528.10,529.82 1 0
ash/install.go:534.52,536.36 2 1
ash/install.go:536.36,538.3 1 1
ash/install.go:539.2,539.16 1 1
ash/install.go:539.16,541.3 1 0
ash/install.go:542.2,542.29 1 1
ash/install.go:546.56,547.20 1 1
ash/install.go:547.20,549.3 1 1
ash/install.go:551.2,552.39 2 0
ash/install.go:552.39,554.3 1 0
ash/install.go:555.2,556.16 2 0
ash/install.go:560.64,562.15 2 1
ash/install.go:562.15,564.3 1 1
ash/install.go:565.2,566.16 2 1
ash/install.go:566.16,568.3 1 0
ash/install.go:569.2,570.33 2 1
ash/install.go:574.72,576.15 2 1
ash/install.go:576.15,578.3 1 0
ash/install.go:579.2,580.16 2 1
ash/install.go:580.16,582.3 1 0
ash/install.go:583.2,591.54 7 1
ash/install.go:591.54,593.3 1 0
ash/install.go:594.2,596.37 3 1
ash/install.go:596.37,599.3 2 0
ash/install.go:600.2,600.25 1 1
ash/install.go:604.46,606.21 2 1
ash/install.go:606.21,608.3 1 0
ash/install.go:610.2,610.25 1 1
ash/install.go:610.25,612.17 2 1
ash/install.go:612.17,614.4 1 1
ash/install.go:615.3,615.26 1 1
ash/install.go:615.26,617.4 1 1
ash/install.go:620.2,621.16 2 1
ash/install.go:621.16,623.3 1 0
ash/install.go:625.2,626.16 2 1
ash/install.go:626.16,628.3 1 0
ash/install.go:630.2,631.61 2 1
ash/install.go:631.61,632.65 1 1
ash/install.go:632.65,634.4 1 1
ash/install.go:635.3,635.111 1 1
ash/install.go:638.2,638.107 1 1
ash/install.go:642.54,644.16 2 1
ash/install.go:644.16,646.3 1 1
ash/install.go:648.2,650.16 3 1
ash/install.go:650.16,652.3 1 0
ash/install.go:653.2,653.59 1 1
ash/install.go:653.59,655.3 1 1
ash/install.go:657.2,658.16 2 1
ash/install.go:658.16,660.3 1 0
ash/install.go:661.2,661.48 1 1
ash/install.go:661.48,662.37 1 1
ash/install.go:662.37,664.4 1 1
ash/install.go:665.3,665.20 1 0
ash/install.go:668.2,668.18 1 1
ash/install.go:672.58,674.19 2 1
ash/install.go:675.14,676.29 1 1
ash/install.go:677.13,678.28 1 1
ash/install.go:679.10,680.12 1 0
ash/install.go:683.2,687.22 1 1
ash/install.go:691.64,693.16 2 1
ash/install.go:693.16,695.3 1 0
ash/install.go:697.2,698.19 2 1
ash/install.go:699.14,700.27 1 1
ash/install.go:701.13,702.26 1 1
ash/install.go:703.10,704.59 1 0
ash/install.go:706.2,706.43 1 1
ash/install.go:710.87,712.19 2 1
ash/install.go:712.19,714.3 1 0
ash/install.go:716.2,717.16 2 1
ash/install.go:717.16,719.3 1 0
ash/install.go:720.2,720.12 1 1
ash/install.go:720.12,723.3 2 1
ash/install.go:725.2,725.62 1 1
ash/install.go:725.62,727.3 1 0
ash/install.go:728.2,728.55 1 1
ash/install.go:732.87,733.25 1 1
ash/install.go:733.25,735.3 1 1
ash/install.go:736.2,737.16 2 1
ash/install.go:737.16,739.3 1 0
ash/install.go:740.2,744.16 4 1
ash/install.go:744.16,746.3 1 0
ash/install.go:747.2,747.38 1 1
ash/install.go:747.38,749.3 1 1
ash/install.go:751.2,751.12 1 1
ash/install.go:751.12,754.3 2 0
ash/install.go:756.2,757.56 2 1
ash/install.go:757.56,759.3 1 0
ash/install.go:760.2,761.57 2 1
ash/install.go:765.52,766.19 1 1
ash/install.go:767.14,935.22 1 1
ash/install.go:936.13,1088.22 1 1
ash/install.go:1089.10,1090.12 1 0
ash/runner.go:35.138,46.33 9 1
ash/runner.go:46.33,50.30 4 1
ash/runner.go:50.30,52.4 1 0
ash/runner.go:52.9,55.4 2 1
ash/runner.go:57.3,58.17 2 1
ash/runner.go:58.17,60.4 1 1
ash/runner.go:62.3,63.46 2 1
ash/runner.go:63.46,65.4 1 0
ash/runner.go:66.3,66.38 1 1
ash/runner.go:66.38,67.60 1 1
ash/runner.go:67.60,69.5 1 1
ash/runner.go:70.4,70.52 1 1
ash/runner.go:70.52,73.5 2 1
ash/runner.go:75.3,77.36 2 1
ash/runner.go:77.36,79.39 2 1
ash/runner.go:79.39,81.5 1 1
ash/runner.go:81.10,83.5 1 1
ash/runner.go:85.4,85.89 1 1
ash/runner.go:85.89,92.13 4 1
ash/runner.go:95.4,95.102 1 1
ash/runner.go:95.102,100.13 2 1
ash/runner.go:102.4,102.43 1 1
ash/runner.go:105.3,107.20 2 1
ash/runner.go:107.20,109.4 1 0
ash/runner.go:111.3,112.44 2 1
ash/runner.go:112.44,118.33 6 1
ash/runner.go:118.33,120.5 1 0
ash/runner.go:121.4,127.6 3 1
ash/runner.go:131.2,131.59 1 0
ash/runner.go:135.92,136.21 1 1
ash/runner.go:136.21,138.3 1 0
ash/runner.go:139.2,140.17 2 1
ash/runner.go:140.17,142.3 1 0
ash/runner.go:144.2,145.33 2 1
ash/runner.go:145.33,146.38 1 1
ash/runner.go:146.38,148.4 1 1
ash/runner.go:151.2,152.101 2 1
ash/runner.go:152.101,154.3 1 0
ash/runner.go:156.2,156.14 1 1
ash/runner.go:160.69,162.22 2 1
ash/runner.go:162.22,164.3 1 0
ash/runner.go:166.2,167.21 2 1
ash/runner.go:167.21,169.3 1 1
ash/runner.go:171.2,171.14 1 1
ash/runner.go:171.14,173.3 1 0
ash/runner.go:175.2,176.29 2 1
ash/runner.go:176.29,178.17 2 1
ash/runner.go:178.17,179.12 1 0
ash/runner.go:181.3,186.24 2 1
ash/runner.go:186.24,187.9 1 0
ash/runner.go:191.2,191.21 1 1
ash/runner.go:191.21,193.3 1 0
ash/runner.go:195.2,195.14 1 1
ash/runner.go:199.126,200.17 1 1
ash/runner.go:200.17,202.3 1 0
ash/runner.go:204.2,210.21 6 1
ash/runner.go:210.21,212.3 1 0
ash/runner.go:212.8,213.30 1 1
ash/runner.go:213.30,215.44 2 1
ash/runner.go:215.44,218.5 2 1
ash/runner.go:219.4,219.23 1 1
ash/runner.go:223.2,224.26 2 1
ash/runner.go:224.26,226.3 1 1
ash/runner.go:227.2,228.22 2 1
ash/runner.go:228.22,230.3 1 1
ash/runner.go:230.8,231.30 1 1
ash/runner.go:231.30,233.15 2 1
ash/runner.go:233.15,235.5 1 1
ash/runner.go:236.4,236.121 1 1
ash/runner.go:240.2,242.53 2 1
ash/runner.go:246.62,248.68 2 1
ash/runner.go:248.68,250.3 1 0
ash/runner.go:252.2,253.19 2 1
ash/runner.go:253.19,255.3 1 0
ash/runner.go:256.2,256.19 1 1
ash/runner.go:256.19,258.3 1 0
ash/runner.go:259.2,259.19 1 1
ash/runner.go:259.19,261.3 1 0
ash/runner.go:263.2,263.51 1 1
ash/runner.go:263.51,265.3 1 1
ash/runner.go:267.2,271.3 1 1
ash/runner.go:275.52,276.23 1 1
ash/runner.go:276.23,277.43 1 1
ash/runner.go:277.43,280.4 2 1
ash/runner.go:285.86,286.23 1 1
ash/runner.go:286.23,287.83 1 1
ash/runner.go:287.83,288.12 1 1
ash/runner.go:290.3,291.21 2 1
ash/runner.go:291.21,293.4 1 1
ash/runner.go:293.9,295.4 1 0
ash/runner.go:296.3,296.9 1 1
ash/runner.go:301.59,302.29 1 1
ash/runner.go:302.29,303.75 1 1
ash/runner.go:303.75,305.4 1 1
ash/runner.go:307.2,307.14 1 1
ash/support.go:67.74,67.121 1 1
ash/support.go:74.65,76.3 1 1
ash/support.go:87.13,88.37 1 1
ash/support.go:88.37,90.3 1 1
ash/support.go:94.35,96.13 2 1
ash/support.go:97.41,98.14 1 1
ash/support.go:99.10,100.15 1 1
ash/support.go:104.70,105.14 1 1
ash/support.go:105.14,107.3 1 0
ash/support.go:108.2,110.64 1 1
ash/support.go:110.64,111.35 1 1
ash/support.go:111.35,113.5 1 1
ash/support.go:114.4,114.33 1 1
ash/support.go:114.33,116.5 1 1
ash/support.go:117.4,117.15 1 1
ash/support.go:123.50,125.43 2 1
ash/support.go:125.43,127.3 1 1
ash/support.go:128.2,128.26 1 1
ash/support.go:128.26,130.3 1 0
ash/support.go:131.2,133.29 2 1
ash/support.go:133.29,135.20 2 1
ash/support.go:135.20,137.75 2 1
ash/support.go:137.75,138.79 1 1
ash/support.go:138.79,140.6 1 1
ash/support.go:143.4,144.18 2 1
ash/support.go:144.18,146.5 1 1
ash/support.go:150.2,151.29 2 1
ash/support.go:151.29,153.3 1 1
ash/support.go:155.2,158.28 4 1
ash/support.go:170.102,171.35 1 1
ash/support.go:171.35,173.3 1 0
ash/support.go:174.2,174.19 1 1
ash/support.go:174.19,176.3 1 0
ash/support.go:177.2,177.62 1 1
ash/support.go:177.62,179.3 1 0
ash/support.go:180.2,181.45 2 1
ash/support.go:181.45,183.3 1 0
ash/support.go:184.2,184.20 1 1
ash/support.go:188.67,192.19 3 1
ash/support.go:192.19,193.41 1 0
ash/support.go:193.41,195.4 1 0
ash/support.go:198.2,198.71 1 1
ash/support.go:198.71,199.43 1 1
ash/support.go:199.43,201.4 1 0
ash/support.go:204.2,206.15 3 1
ash/support.go:210.58,212.16 2 1
ash/support.go:212.16,214.3 1 0
ash/support.go:215.2,216.16 2 1
ash/support.go:216.16,219.3 2 0
ash/support.go:220.2,222.44 3 1
ash/support.go:222.44,224.3 1 0
ash/support.go:225.2,225.12 1 1
ash/support.go:229.60,230.19 1 1
ash/support.go:230.19,233.3 2 1
ash/support.go:234.2,236.43 3 1
ash/support.go:236.43,237.55 1 1
ash/support.go:237.55,239.4 1 0
ash/support.go:241.2,242.16 2 1
ash/support.go:242.16,244.3 1 0
ash/support.go:245.2,247.12 3 1
ash/support.go:251.40,253.16 2 1
ash/support.go:253.16,255.3 1 0
ash/support.go:256.2,256.24 1 1
ash/support.go:260.62,262.30 2 1
ash/support.go:262.30,264.3 1 1
ash/support.go:265.2,266.12 2 1
ash/support.go:270.55,271.24 1 1
ash/support.go:271.24,273.3 1 0
ash/support.go:274.2,274.34 1 1
ash/support.go:274.34,276.3 1 1
ash/support.go:277.2,277.44 1 0
ash/support.go:281.39,282.45 1 1
ash/support.go:282.45,284.3 1 0
ash/support.go:286.2,287.16 2 1
ash/support.go:287.16,289.3 1 1
ash/support.go:290.2,291.54 2 1
ash/support.go:291.54,293.3 1 0
ash/support.go:295.2,296.16 2 1
ash/support.go:296.16,298.3 1 0
ash/support.go:300.2,301.26 2 1
ash/support.go:301.26,303.3 1 1
ash/support.go:305.2,305.49 1 1
ash/support.go:309.32,312.2 2 1
ash/support.go:315.60,316.32 1 1
ash/support.go:316.32,318.3 1 0
ash/support.go:319.2,320.16 2 1
ash/support.go:320.16,322.3 1 1
ash/support.go:323.2,325.16 3 1
ash/support.go:325.16,327.3 1 1
ash/support.go:329.2,331.32 3 1
ash/support.go:331.32,332.32 1 1
ash/support.go:332.32,334.4 1 0
ash/support.go:335.3,335.61 1 1
ash/support.go:335.61,336.12 1 0
ash/support.go:338.3,339.21 2 1
ash/support.go:339.21,340.12 1 0
ash/support.go:342.3,342.35 1 1
ash/support.go:342.35,343.12 1 1
ash/support.go:345.3,345.57 1 0
ash/support.go:350.52,352.36 2 1
ash/support.go:352.36,354.3 1 1
ash/support.go:355.2,355.16 1 1
ash/support.go:355.16,357.3 1 1
ash/support.go:359.2,360.55 2 1
ash/support.go:360.55,362.3 1 1
ash/support.go:363.2,363.31 1 1
ash/support.go:363.31,365.3 1 1
ash/support.go:367.2,367.18 1 1
ash/support.go:371.55,373.16 2 1
ash/support.go:373.16,375.3 1 0
ash/support.go:377.2,377.42 1 1
ash/support.go:381.65,384.19 3 1
ash/support.go:384.19,386.3 1 1
ash/support.go:387.2,387.34 1 1
ash/support.go:391.48,413.27 3 1
ash/support.go:413.27,415.18 2 1
ash/support.go:415.18,416.12 1 1
ash/support.go:418.3,418.19 1 1
ash/support.go:420.2,420.12 1 1
ash/support.go:424.49,426.52 2 1
ash/support.go:426.52,427.56 1 0
ash/support.go:427.56,429.4 1 0
ash/support.go:431.2,432.49 2 1
ash/support.go:432.49,434.3 1 1
ash/support.go:435.2,435.50 1 1
ash/support.go:435.50,436.94 1 1
ash/support.go:436.94,438.4 1 1
ash/support.go:438.9,440.4 1 0
ash/support.go:442.2,442.52 1 1
ash/support.go:442.52,444.3 1 1
ash/support.go:445.2,445.55 1 1
ash/support.go:445.55,447.3 1 1
ash/support.go:448.2,448.12 1 1
ash/support.go:452.73,454.2 1 1
ash/support.go:457.103,459.25 2 1
ash/support.go:459.25,461.3 1 0
ash/support.go:462.2,462.34 1 1
ash/support.go:462.34,464.17 2 1
ash/support.go:464.17,466.4 1 0
ash/support.go:467.3,467.16 1 1
ash/support.go:469.2,470.16 2 1
ash/support.go:470.16,472.3 1 0
ash/support.go:474.2,476.23 3 1
ash/support.go:476.23,478.3 1 1
ash/support.go:479.2,481.30 3 1
ash/support.go:481.30,483.3 1 1
ash/support.go:484.2,485.26 2 1
ash/support.go:485.26,487.3 1 1
ash/support.go:488.2,489.41 2 1
ash/support.go:493.38,494.17 1 1
ash/support.go:494.17,496.3 1 0
ash/support.go:497.2,497.60 1 1
ash/support.go:501.65,503.16 2 1
ash/support.go:503.16,505.3 1 1
ash/support.go:506.2,506.67 1 1
ash/support.go:510.93,512.16 2 1
ash/support.go:512.16,514.3 1 0
ash/support.go:515.2,516.21 2 1
ash/support.go:516.21,518.3 1 0
ash/support.go:519.2,519.21 1 1
ash/support.go:519.21,521.3 1 1
ash/support.go:522.2,522.93 1 1
ash/support.go:526.53,528.15 2 1
ash/support.go:528.15,530.3 1 1
ash/support.go:531.2,532.21 2 1
ash/support.go:532.21,534.3 1 0
ash/support.go:535.2,535.23 1 1
ash/support.go:539.40,540.65 1 1
ash/support.go:540.65,542.3 1 1
ash/support.go:544.2,545.16 2 0
ash/support.go:545.16,547.3 1 0
ash/support.go:548.2,548.63 1 0
ash/support.go:548.63,550.3 1 0
ash/support.go:551.2,551.23 1 0
ash/support.go:555.42,557.42 2 0
ash/support.go:557.42,559.3 1 0
ash/support.go:560.2,560.37 1 0
ash/support.go:564.110,566.25 2 0
ash/support.go:566.25,568.3 1 0
ash/support.go:569.2,569.34 1 0
ash/support.go:569.34,571.17 2 0
ash/support.go:571.17,573.4 1 0
ash/support.go:574.3,574.16 1 0
ash/support.go:576.2,577.16 2 0
ash/support.go:577.16,579.3 1 0
ash/support.go:580.2,581.16 2 0
ash/support.go:581.16,583.3 1 0
ash/support.go:584.2,589.37 6 0
ash/support.go:593.129,595.23 2 0
ash/support.go:595.23,597.3 1 0
ash/support.go:598.2,609.34 11 0
ash/support.go:609.34,611.3 1 0
ash/support.go:612.2,615.30 4 0
ash/support.go:615.30,618.3 2 0
ash/support.go:619.2,634.19 16 0
ash/support.go:638.78,640.19 2 1
ash/support.go:640.19,642.3 1 0
ash/support.go:644.2,646.76 3 1
ash/support.go:646.76,649.17 3 1
ash/support.go:649.17,651.4 1 1
ash/support.go:652.3,652.28 1 1
ash/support.go:652.28,654.4 1 0
ash/support.go:655.3,655.24 1 1
ash/support.go:658.2,658.66 1 1
ash/support.go:658.66,659.25 1 1
ash/support.go:659.25,661.4 1 0
ash/support.go:662.3,662.40 1 1
ash/support.go:665.2,666.33 2 0
ash/support.go:666.33,667.87 1 0
ash/support.go:667.87,668.26 1 0
ash/support.go:668.26,670.5 1 0
ash/support.go:671.4,671.22 1 0
ash/support.go:675.2,675.124 1 0
ash/support.go:679.83,680.17 1 1
ash/support.go:680.17,682.3 1 1
ash/support.go:684.2,684.14 1 1
ash/support.go:685.27,686.59 1 0
ash/support.go:687.27,688.59 1 1
ash/support.go:689.23,690.57 1 0
ash/support.go:691.21,692.40 1 0
ash/support.go:693.23,694.42 1 0
ash/support.go:695.10,696.58 1 0
ash/support.go:701.37,710.2 2 0
ash/support.go:713.55,715.19 2 1
ash/support.go:715.19,717.3 1 0
ash/support.go:719.2,720.40 2 1
ash/support.go:720.40,722.3 1 1
ash/support.go:724.2,725.76 2 1
ash/support.go:725.76,727.3 1 1
ash/support.go:729.2,730.71 2 1
ash/support.go:730.71,732.3 1 1
ash/support.go:734.2,734.16 1 1
ash/support.go:738.73,739.29 1 0
ash/support.go:739.29,741.3 1 0
ash/support.go:742.2,743.9 2 0
ash/support.go:743.9,745.3 1 0
ash/support.go:746.2,746.36 1 0
ash/support.go:750.42,751.35 1 0
ash/support.go:751.35,753.3 1 0
ash/support.go:754.2,754.34 1 0
ash/support.go:754.34,756.69 2 0
ash/support.go:756.69,758.4 1 0
ash/support.go:759.3,759.46 1 0
ash/support.go:761.2,762.21 2 0
ash/support.go:762.21,764.3 1 0
ash/support.go:765.2,765.12 1 0
ash/support.go:769.109,771.33 2 1
ash/support.go:771.33,773.3 1 1
ash/support.go:774.2,784.16 3 1
ash/support.go:784.16,786.3 1 0
ash/support.go:787.2,788.16 2 1
ash/support.go:788.16,790.3 1 0
ash/support.go:791.2,791.24 1 1
ash/support.go:795.90,797.16 2 1
ash/support.go:797.16,799.3 1 0
ash/support.go:800.2,801.96 2 1
ash/support.go:805.53,807.19 2 0
ash/support.go:807.19,809.3 1 0
ash/support.go:810.2,810.37 1 0
ash/support.go:814.71,817.29 3 1
ash/support.go:817.29,819.14 2 1
ash/support.go:819.14,820.12 1 1
ash/support.go:822.3,824.21 3 1
ash/support.go:824.21,825.12 1 0
ash/support.go:827.3,830.17 4 1
ash/support.go:830.17,832.4 1 0
ash/support.go:833.3,834.56 2 1
ash/support.go:834.56,836.4 1 0
ash/support.go:837.3,837.20 1 1
ash/support.go:837.20,839.4 1 0
ash/support.go:840.3,841.14 2 1
ash/support.go:841.14,843.4 1 1
ash/support.go:844.3,844.94 1 1
ash/support.go:846.2,846.21 1 1
ash/support.go:850.91,851.30 1 0
ash/support.go:851.30,852.24 1 0
ash/support.go:852.24,854.4 1 0
ash/support.go:856.2,856.36 1 0
ash/support.go:860.71,865.29 5 0
ash/support.go:865.29,866.37 1 0
ash/support.go:866.37,868.12 2 0
ash/support.go:870.3,870.36 1 0
ash/support.go:870.36,871.12 1 0
ash/support.go:873.3,873.28 1 0
ash/support.go:875.2,875.20 1 0
ash/support.go:875.20,877.3 1 0
ash/support.go:878.2,878.49 1 0
ash/support.go:882.70,886.29 4 0
ash/support.go:886.29,887.37 1 0
ash/support.go:887.37,889.12 2 0
ash/support.go:891.3,891.36 1 0
ash/support.go:891.36,892.12 1 0
ash/support.go:894.3,894.34 1 0
ash/support.go:896.2,896.23 1 0
ash/support.go:896.23,898.3 1 0
ash/support.go:899.2,899.43 1 0
ash/support.go:903.62,905.15 2 0
ash/support.go:905.15,907.3 1 0
ash/support.go:908.2,909.46 2 0
ash/support.go:909.46,911.3 1 0
ash/support.go:912.2,912.78 1 0
ash/support.go:916.74,918.2 1 0
ash/support.go:921.149,926.17 4 0
ash/support.go:926.17,928.3 1 0
ash/support.go:930.2,942.16 7 0
ash/support.go:942.16,945.3 2 0
ash/support.go:947.2,948.30 2 0
ash/support.go:948.30,952.3 3 0
ash/support.go:953.2,953.59 1 0
ash/support.go:953.59,957.3 3 0
ash/support.go:958.2,960.15 3 0
ash/support.go:964.40,966.16 2 1
ash/support.go:966.16,968.3 1 1
ash/support.go:969.2,969.54 1 1
ash/support.go:973.91,975.22 2 1
ash/support.go:975.22,977.3 1 0
ash/support.go:979.2,979.32 1 1
ash/support.go:979.32,981.20 2 0
ash/support.go:981.20,983.4 1 0
ash/support.go:984.3,984.85 1 0
ash/support.go:984.85,986.4 1 0
ash/support.go:987.3,987.52 1 0
ash/support.go:990.2,993.19 4 1
ash/support.go:993.19,995.3 1 0
ash/support.go:996.2,996.84 1 1
ash/support.go:996.84,998.3 1 1
ash/support.go:999.2,999.46 1 1
ash/support.go:1003.68,1004.52 1 1
ash/support.go:1004.52,1006.3 1 0
ash/support.go:1008.2,1010.59 3 1
ash/support.go:1010.59,1012.22 2 0
ash/support.go:1012.22,1014.50 2 0
ash/support.go:1014.50,1015.13 1 0
ash/support.go:1017.4,1018.23 2 0
ash/support.go:1018.23,1019.13 1 0
ash/support.go:1021.4,1021.70 1 0
ash/support.go:1023.3,1023.39 1 0
ash/support.go:1023.39,1025.4 1 0
ash/support.go:1026.8,1026.44 1 1
ash/support.go:1026.44,1028.3 1 0
ash/support.go:1030.2,1032.27 3 1
ash/support.go:1032.27,1034.3 1 1
ash/support.go:1035.2,1038.27 3 1
ash/support.go:1038.27,1043.3 4 1
ash/support.go:1044.2,1044.62 1 1
ash/support.go:1048.126,1066.16 10 1
ash/support.go:1066.16,1069.3 2 0
ash/support.go:1071.2,1072.30 2 1
ash/support.go:1072.30,1076.3 3 1
ash/support.go:1078.2,1078.59 1 0
ash/support.go:1078.59,1082.3 3 0
ash/support.go:1084.2,1086.15 3 0
ash/support.go:1090.58,1091.35 1 1
ash/support.go:1091.35,1093.3 1 1
ash/support.go:1094.2,1094.42 1 0
ash/support.go:1098.44,1100.9 2 1
ash/support.go:1100.9,1102.3 1 0
ash/support.go:1103.2,1103.16 1 1
ash/support.go:1107.52,1108.18 1 1
ash/support.go:1108.18,1110.3 1 1
ash/support.go:1112.2,1113.9 2 1
ash/support.go:1113.9,1115.3 1 0
ash/support.go:1117.2,1118.27 2 1
ash/support.go:1118.27,1120.10 2 1
ash/support.go:1120.10,1122.4 1 0
ash/support.go:1123.3,1123.14 1 1
ash/support.go:1123.14,1124.12 1 1
ash/support.go:1126.3,1126.23 1 1
ash/support.go:1129.2,1129.17 1 1
ash/support.go:1133.41,1135.2 1 1
ash/support.go:1138.45,1141.2 2 1
ash/support.go:1144.49,1150.12 5 1
ash/support.go:1150.12,1156.7 5 1
ash/support.go:1156.7,1160.11 3 1
ash/support.go:1161.16,1163.11 2 1
ash/support.go:1164.20,1164.20 0 1
ash/support.go:1169.2,1169.16 1 1
ash/support.go:1169.16,1170.18 1 1
ash/support.go:1170.18,1173.4 2 1
ash/support.go:1178.65,1183.16 2 1
ash/support.go:1183.16,1185.3 1 1
ash/support.go:1187.2,1187.34 1 1
ash/support.go:1191.47,1193.16 2 1
ash/support.go:1193.16,1195.3 1 1
ash/support.go:1197.2,1197.46 1 1
ash/support.go:1201.55,1204.2 2 1
ash/tools.go:23.53,26.22 3 1
ash/tools.go:26.22,28.3 1 1
ash/tools.go:30.2,188.3 1 1
ash/tools.go:192.95,195.14 2 1
ash/tools.go:196.26,197.40 1 1
ash/tools.go:198.32,199.36 1 1
ash/tools.go:200.32,201.49 1 0
ash/tools.go:202.35,203.52 1 0
ash/tools.go:204.31,205.48 1 0
ash/tools.go:206.33,207.41 1 1
ash/tools.go:208.34,209.42 1 1
ash/tools.go:210.10,211.103 1 0
ash/tools.go:214.2,215.16 2 1
ash/tools.go:215.16,217.3 1 0
ash/tools.go:219.2,219.24 1 1
ash/tools.go:223.100,225.9 2 1
ash/tools.go:225.9,227.3 1 0
ash/tools.go:229.2,230.22 2 1
ash/tools.go:230.22,232.3 1 0
ash/tools.go:234.2,238.23 4 1
ash/tools.go:238.23,240.3 1 0
ash/tools.go:242.2,242.54 1 1
ash/tools.go:242.54,244.3 1 1
ash/tools.go:246.2,247.16 2 1
ash/tools.go:247.16,249.3 1 0
ash/tools.go:250.2,252.27 2 1
ash/tools.go:252.27,253.29 1 1
ash/tools.go:253.29,255.4 1 1
ash/tools.go:258.2,258.84 1 1
ash/tools.go:262.96,264.42 2 1
ash/tools.go:264.42,266.3 1 0
ash/tools.go:268.2,269.16 2 1
ash/tools.go:269.16,271.3 1 0
ash/tools.go:273.2,273.27 1 1
ash/tools.go:273.27,274.29 1 0
ash/tools.go:274.29,276.4 1 0
ash/tools.go:279.2,280.88 2 1
ash/tools.go:284.109,286.44 2 0
ash/tools.go:286.44,288.3 1 0
ash/tools.go:289.2,290.42 2 0
ash/tools.go:290.42,292.3 1 0
ash/tools.go:293.2,294.16 2 0
ash/tools.go:294.16,296.3 1 0
ash/tools.go:298.2,299.16 2 0
ash/tools.go:299.16,301.3 1 0
ash/tools.go:303.2,304.16 2 0
ash/tools.go:304.16,306.3 1 0
ash/tools.go:307.2,307.67 1 0
ash/tools.go:307.67,309.3 1 0
ash/tools.go:310.2,310.76 1 0
ash/tools.go:310.76,312.3 1 0
ash/tools.go:314.2,316.16 3 0
ash/tools.go:316.16,318.3 1 0
ash/tools.go:320.2,321.15 2 0
ash/tools.go:325.112,327.44 2 0
ash/tools.go:327.44,329.3 1 0
ash/tools.go:331.2,332.9 2 0
ash/tools.go:332.9,334.3 1 0
ash/tools.go:335.2,336.51 2 0
ash/tools.go:336.51,338.3 1 0
ash/tools.go:340.2,341.16 2 0
ash/tools.go:341.16,343.3 1 0
ash/tools.go:344.2,345.16 2 0
ash/tools.go:345.16,347.3 1 0
ash/tools.go:349.2,350.16 2 0
ash/tools.go:350.16,352.3 1 0
ash/tools.go:354.2,355.16 2 0
ash/tools.go:355.16,357.3 1 0
ash/tools.go:358.2,360.21 3 0
ash/tools.go:360.21,362.3 1 0
ash/tools.go:363.2,364.20 2 0
ash/tools.go:368.108,370.9 2 0
ash/tools.go:370.9,372.3 1 0
ash/tools.go:373.2,376.16 3 0
ash/tools.go:376.16,378.3 1 0
ash/tools.go:379.2,380.16 2 0
ash/tools.go:380.16,382.3 1 0
ash/tools.go:384.2,384.16 1 0
ash/tools.go:385.14,387.95 2 0
ash/tools.go:388.17,391.15 3 0
ash/tools.go:391.15,393.25 2 0
ash/tools.go:393.25,395.5 1 0
ash/tools.go:395.10,396.33 1 0
ash/tools.go:396.33,398.6 1 0
ash/tools.go:400.4,400.113 1 0
ash/tools.go:402.3,403.13 2 0
ash/tools.go:403.13,405.4 1 0
ash/tools.go:406.3,411.4 1 0
ash/tools.go:412.16,415.15 3 0
ash/tools.go:415.15,417.4 1 0
ash/tools.go:418.3,419.15 2 0
ash/tools.go:419.15,421.4 1 0
ash/tools.go:422.3,423.17 2 0
ash/tools.go:423.17,425.4 1 0
ash/tools.go:426.3,427.16 2 0
ash/tools.go:428.16,431.15 3 0
ash/tools.go:431.15,433.4 1 0
ash/tools.go:434.3,435.13 2 0
ash/tools.go:435.13,437.4 1 0
ash/tools.go:439.3,439.39 1 0
ash/tools.go:439.39,441.11 2 0
ash/tools.go:441.11,443.5 1 0
ash/tools.go:444.4,445.50 2 0
ash/tools.go:445.50,447.5 1 0
ash/tools.go:448.4,448.25 1 0
ash/tools.go:450.3,450.39 1 0
ash/tools.go:450.39,452.45 2 0
ash/tools.go:452.45,454.5 1 0
ash/tools.go:455.4,455.46 1 0
ash/tools.go:457.3,457.33 1 0
ash/tools.go:457.33,459.11 2 0
ash/tools.go:459.11,461.5 1 0
ash/tools.go:462.4,462.43 1 0
ash/tools.go:464.3,464.41 1 0
ash/tools.go:464.41,466.11 2 0
ash/tools.go:466.11,468.5 1 0
ash/tools.go:469.4,469.47 1 0
ash/tools.go:472.3,473.17 2 0
ash/tools.go:473.17,475.4 1 0
ash/tools.go:476.3,477.17 2 0
ash/tools.go:477.17,479.4 1 0
ash/tools.go:480.3,482.17 3 0
ash/tools.go:482.17,484.4 1 0
ash/tools.go:485.3,486.16 2 0
ash/tools.go:487.10,488.137 1 0
ash/tools.go:493.85,495.41 2 1
ash/tools.go:495.41,497.3 1 0
ash/tools.go:498.2,499.16 2 1
ash/tools.go:499.16,501.3 1 0
ash/tools.go:502.2,503.16 2 1
ash/tools.go:503.16,505.3 1 0
ash/tools.go:507.2,508.16 2 1
ash/tools.go:508.16,510.3 1 0
ash/tools.go:512.2,512.147 1 1
ash/tools.go:516.86,518.41 2 1
ash/tools.go:518.41,520.3 1 0
ash/tools.go:521.2,522.9 2 1
ash/tools.go:522.9,524.3 1 0
ash/tools.go:525.2,526.45 2 1
ash/tools.go:526.45,528.3 1 0
ash/tools.go:530.2,531.16 2 1
ash/tools.go:531.16,533.3 1 0
ash/tools.go:534.2,534.48 1 1
ash/tools.go:534.48,536.3 1 0
ash/tools.go:537.2,538.16 2 1
ash/tools.go:538.16,540.3 1 1
ash/tools.go:542.2,542.70 1 1
ash/tools.go:542.70,544.3 1 0
ash/tools.go:545.2,545.74 1 1
ash/tools.go:545.74,547.3 1 0
ash/tools.go:548.2,548.92 1 1
ash/tools.go:548.92,550.3 1 0
ash/tools.go:552.2,552.128 1 1
